<?xml version="1.0" encoding="UTF-8"?>
<!-- Generated by org.testng.reporters.JUnitReportReporter -->
<testsuite hostname="VishwaTeja" failures="0" tests="1" name="com.InsuranceCompany.testCases.TC_Insurance_Login_Page_001" time="4.237" errors="0" timestamp="2023-08-08T18:13:34 IST" skipped="0">
  <testcase classname="com.InsuranceCompany.testCases.TC_Insurance_Login_Page_001" name="Ins_LoginTest" time="4.237"/>
  <system-out/>
</testsuite> <!-- com.InsuranceCompany.testCases.TC_Insurance_Login_Page_001 -->
