<?xml version="1.0" encoding="UTF-8"?>
<!-- Generated by org.testng.reporters.JUnitReportReporter -->
<testsuite hostname="VishwaTeja" failures="0" tests="1" name="com.InsuranceCompany.testCases.TC_Insurance_Registration_page_001" time="2.793" errors="0" timestamp="2023-08-01T22:56:29 IST" skipped="0">
  <testcase classname="com.InsuranceCompany.testCases.TC_Insurance_Registration_page_001" name="RegPage" time="2.793"/>
  <system-out/>
</testsuite> <!-- com.InsuranceCompany.testCases.TC_Insurance_Registration_page_001 -->
